
The following have been reloaded with a version change:
  1) python/3.7.4 => python/3.8.2

Starting training efficientnet-b1 with args --version=b1 --pretrain --lr-schedule=cyclic --max-epochs=5000 --batch-size=128 at Sat Mar 13 18:01:40 UTC 2021.
TensorFlow installation not found - running with reduced feature set.
TensorBoard 2.4.1 at http://0.0.0.0:6006/ (Press CTRL+C to quit)
GPU available: True, used: True
TPU available: None, using: 0 TPU cores
Set SLURM handle signals.

  | Name  | Type              | Params
--------------------------------------------
0 | model | CovidEfficientNet | 6.5 M 
--------------------------------------------
6.5 M     Trainable params
0         Non-trainable params
6.5 M     Total params
26.056    Total estimated model params size (MB)
Loaded pretrained weights for efficientnet-b1
/gpfs/project/6005889/dberger/error-consistency/.venv/lib/python3.8/site-packages/pytorch_lightning/utilities/distributed.py:50: UserWarning: Detected KeyboardInterrupt, attempting graceful shutdown...
  warnings.warn(*args, **kwargs)
--------------------------------------------------------------------------------
DATALOADER:0 TEST RESULTS
{'test_acc': 0.6896551847457886,
 'test_acc0.10': 0.6798029541969299,
 'test_acc0.90': 0.6896551847457886,
 'test_loss': 1.4952304363250732}
--------------------------------------------------------------------------------
   test_loss: 1.4952
    test_acc: 0.6897
test_acc0.10: 0.6798
test_acc0.90: 0.6897
Finished training efficientnet-b1 with args --version=b1 --pretrain --lr-schedule=cyclic --max-epochs=5000 --batch-size=128 at Sat Mar 13 22:21:37 UTC 2021.
