
The following have been reloaded with a version change:
  1) python/3.7.4 => python/3.8.2

Starting training efficientnet-b0 with args --version=b0 --lr-schedule=cyclic --max-epochs=5000 --batch-size=128 at Sat Mar 13 01:04:20 UTC 2021.
TensorFlow installation not found - running with reduced feature set.
TensorBoard 2.4.1 at http://0.0.0.0:6006/ (Press CTRL+C to quit)
GPU available: True, used: True
TPU available: None, using: 0 TPU cores
Set SLURM handle signals.

  | Name  | Type              | Params
--------------------------------------------
0 | model | CovidEfficientNet | 4.0 M 
--------------------------------------------
4.0 M     Trainable params
0         Non-trainable params
4.0 M     Total params
16.033    Total estimated model params size (MB)
--------------------------------------------------------------------------------
DATALOADER:0 TEST RESULTS
{'test_acc': 0.7980295419692993,
 'test_acc0.10': 0.7684729099273682,
 'test_acc0.90': 0.7783251404762268,
 'test_loss': 1.1800203323364258}
--------------------------------------------------------------------------------
   test_loss: 1.1800
    test_acc: 0.7980
test_acc0.10: 0.7685
test_acc0.90: 0.7783
Finished training efficientnet-b0 with args --version=b0 --lr-schedule=cyclic --max-epochs=5000 --batch-size=128 at Sat Mar 13 08:50:48 UTC 2021.
