
The following have been reloaded with a version change:
  1) python/3.7.4 => python/3.8.2

Starting training efficientnet-b1 with args --version=b1 --lr-schedule=cyclic --cyclic-max=1e-2 --cyclic-base=1e-5 --max-epochs=2000 --batch-size=128 --dropout=0.6 --weight-decay=5e-3 --elastic-scale=0.3 --elastic-trans=0.3 --elastic-shear=0.2 --elastic-degree=5 at Tue Mar 16 06:33:28 UTC 2021.
TensorFlow installation not found - running with reduced feature set.
TensorBoard 2.4.1 at http://0.0.0.0:6006/ (Press CTRL+C to quit)
GPU available: True, used: True
TPU available: None, using: 0 TPU cores
Set SLURM handle signals.

  | Name  | Type              | Params
--------------------------------------------
0 | model | CovidEfficientNet | 6.5 M 
--------------------------------------------
6.5 M     Trainable params
0         Non-trainable params
6.5 M     Total params
26.056    Total estimated model params size (MB)
--------------------------------------------------------------------------------
DATALOADER:0 TEST RESULTS
{'test_acc': 0.7192118167877197, 'test_loss': 0.6820411682128906}
--------------------------------------------------------------------------------
   test_loss: 0.6820
    test_acc: 0.7192
Finished training efficientnet-b1 with args --version=b1 --lr-schedule=cyclic --cyclic-max=1e-2 --cyclic-base=1e-5 --max-epochs=2000 --batch-size=128 --dropout=0.6 --weight-decay=5e-3 --elastic-scale=0.3 --elastic-trans=0.3 --elastic-shear=0.2 --elastic-degree=5 at Tue Mar 16 07:53:06 UTC 2021.
