
The following have been reloaded with a version change:
  1) python/3.7.4 => python/3.8.2

Starting training efficientnet-b1 with args --version=b1 --pretrain --lr-schedule=cyclic --cyclic-max=1e-2 --cyclic-base=1e-5 --max-epochs=2000 --batch-size=128 --dropout=0.4 --weight-decay=1e-2 --elastic-scale=0.3 --elastic-trans=0.3 --elastic-shear=0.2 --elastic-degree=5 at Tue Mar 16 04:44:56 UTC 2021.
TensorFlow installation not found - running with reduced feature set.
TensorBoard 2.4.1 at http://0.0.0.0:6006/ (Press CTRL+C to quit)
GPU available: True, used: True
TPU available: None, using: 0 TPU cores
Set SLURM handle signals.

  | Name  | Type              | Params
--------------------------------------------
0 | model | CovidEfficientNet | 6.5 M 
--------------------------------------------
6.5 M     Trainable params
0         Non-trainable params
6.5 M     Total params
26.056    Total estimated model params size (MB)
Loaded pretrained weights for efficientnet-b1
--------------------------------------------------------------------------------
DATALOADER:0 TEST RESULTS
{'test_acc': 0.7536945939064026, 'test_loss': 0.6501142978668213}
--------------------------------------------------------------------------------
   test_loss: 0.6501
    test_acc: 0.7537
Finished training efficientnet-b1 with args --version=b1 --pretrain --lr-schedule=cyclic --cyclic-max=1e-2 --cyclic-base=1e-5 --max-epochs=2000 --batch-size=128 --dropout=0.4 --weight-decay=1e-2 --elastic-scale=0.3 --elastic-trans=0.3 --elastic-shear=0.2 --elastic-degree=5 at Tue Mar 16 05:29:41 UTC 2021.
