Starting training efficientnet-b0 with args --version=b0 --elastic-scale=0.2 --elastic-trans=0.3 --elastic-shear=0.15 --elastic-degree=10 --batch-size=128 --max-epochs=3000 --lr-schedule=cyclic --cyclic-mode=gamma --cyclic-max=1e-1 --cyclic-base=1e-3 at Mon Mar 15 00:46:01 UTC 2021.
TensorFlow installation not found - running with reduced feature set.
TensorBoard 2.4.1 at http://0.0.0.0:6006/ (Press CTRL+C to quit)
GPU available: True, used: True
TPU available: None, using: 0 TPU cores
Set SLURM handle signals.

  | Name  | Type              | Params
--------------------------------------------
0 | model | CovidEfficientNet | 4.0 M 
--------------------------------------------
4.0 M     Trainable params
0         Non-trainable params
4.0 M     Total params
16.033    Total estimated model params size (MB)
/gpfs/project/6005889/dberger/error-consistency/.venv/lib/python3.8/site-packages/pytorch_lightning/utilities/distributed.py:50: UserWarning: Detected KeyboardInterrupt, attempting graceful shutdown...
  warnings.warn(*args, **kwargs)
--------------------------------------------------------------------------------
DATALOADER:0 TEST RESULTS
{'test_acc': 0.7044335007667542, 'test_loss': 2.2680978775024414}
--------------------------------------------------------------------------------
   test_loss: 2.2681
    test_acc: 0.7044
Finished training efficientnet-b0 with args --version=b0 --elastic-scale=0.2 --elastic-trans=0.3 --elastic-shear=0.15 --elastic-degree=10 --batch-size=128 --max-epochs=3000 --lr-schedule=cyclic --cyclic-mode=gamma --cyclic-max=1e-1 --cyclic-base=1e-3 at Mon Mar 15 03:30:22 UTC 2021.
