Starting training efficientnet-b1 with args --version=b1 --lr-schedule=cyclic --cyclic-max=1e-1 --cyclic-base=1e-4 --max-epochs=2000 --batch-size=128 --dropout=0.6 --weight-decay=5e-3 --elastic-scale=0.3 --elastic-trans=0.3 --elastic-shear=0.2 --elastic-degree=5 at Tue Mar 16 01:46:29 UTC 2021.
TensorFlow installation not found - running with reduced feature set.
TensorBoard 2.4.1 at http://0.0.0.0:6006/ (Press CTRL+C to quit)
GPU available: True, used: True
TPU available: None, using: 0 TPU cores
Set SLURM handle signals.

  | Name  | Type              | Params
--------------------------------------------
0 | model | CovidEfficientNet | 6.5 M 
--------------------------------------------
6.5 M     Trainable params
0         Non-trainable params
6.5 M     Total params
26.056    Total estimated model params size (MB)
--------------------------------------------------------------------------------
DATALOADER:0 TEST RESULTS
{'test_acc': 0.6650246381759644, 'test_loss': 0.6604762077331543}
--------------------------------------------------------------------------------
   test_loss: 0.6605
    test_acc: 0.6650
Finished training efficientnet-b1 with args --version=b1 --lr-schedule=cyclic --cyclic-max=1e-1 --cyclic-base=1e-4 --max-epochs=2000 --batch-size=128 --dropout=0.6 --weight-decay=5e-3 --elastic-scale=0.3 --elastic-trans=0.3 --elastic-shear=0.2 --elastic-degree=5 at Tue Mar 16 02:21:33 UTC 2021.
