Starting training efficientnet-b1 with args --version=b1 --pretrain --elastic-scale=0.2 --elastic-trans=0.3 --elastic-shear=0.15 --elastic-degree=10 --batch-size=128 --max-epochs=3000 --lr-schedule=cyclic --cyclic-mode=gamma --cyclic-max=1e-1 --cyclic-base=1e-3 at Mon Mar 15 03:32:06 UTC 2021.
TensorFlow installation not found - running with reduced feature set.
TensorBoard 2.4.1 at http://0.0.0.0:6006/ (Press CTRL+C to quit)
GPU available: True, used: True
TPU available: None, using: 0 TPU cores
Set SLURM handle signals.

  | Name  | Type              | Params
--------------------------------------------
0 | model | CovidEfficientNet | 6.5 M 
--------------------------------------------
6.5 M     Trainable params
0         Non-trainable params
6.5 M     Total params
26.056    Total estimated model params size (MB)
Loaded pretrained weights for efficientnet-b1
--------------------------------------------------------------------------------
DATALOADER:0 TEST RESULTS
{'test_acc': 0.7832512259483337, 'test_loss': 0.9796160459518433}
--------------------------------------------------------------------------------
   test_loss: 0.9796
    test_acc: 0.7833
Finished training efficientnet-b1 with args --version=b1 --pretrain --elastic-scale=0.2 --elastic-trans=0.3 --elastic-shear=0.15 --elastic-degree=10 --batch-size=128 --max-epochs=3000 --lr-schedule=cyclic --cyclic-mode=gamma --cyclic-max=1e-1 --cyclic-base=1e-3 at Mon Mar 15 08:36:18 UTC 2021.
