
The following have been reloaded with a version change:
  1) python/3.7.4 => python/3.8.2

Starting training efficientnet-b1 with args --version=b1 --lr-schedule=cyclic --max-epochs=5000 --batch-size=128 at Sat Mar 13 16:37:03 UTC 2021.
TensorFlow installation not found - running with reduced feature set.
TensorBoard 2.4.1 at http://0.0.0.0:6006/ (Press CTRL+C to quit)
GPU available: True, used: True
TPU available: None, using: 0 TPU cores
Set SLURM handle signals.

  | Name  | Type              | Params
--------------------------------------------
0 | model | CovidEfficientNet | 6.5 M 
--------------------------------------------
6.5 M     Trainable params
0         Non-trainable params
6.5 M     Total params
26.056    Total estimated model params size (MB)
/gpfs/project/6005889/dberger/error-consistency/.venv/lib/python3.8/site-packages/pytorch_lightning/utilities/distributed.py:50: UserWarning: Detected KeyboardInterrupt, attempting graceful shutdown...
  warnings.warn(*args, **kwargs)
--------------------------------------------------------------------------------
DATALOADER:0 TEST RESULTS
{'test_acc': 0.7586206793785095,
 'test_acc0.10': 0.7684729099273682,
 'test_acc0.90': 0.7044335007667542,
 'test_loss': 1.6478990316390991}
--------------------------------------------------------------------------------
   test_loss: 1.6479
    test_acc: 0.7586
test_acc0.10: 0.7685
test_acc0.90: 0.7044
Finished training efficientnet-b1 with args --version=b1 --lr-schedule=cyclic --max-epochs=5000 --batch-size=128 at Sat Mar 13 22:20:38 UTC 2021.
