
The following have been reloaded with a version change:
  1) python/3.7.4 => python/3.8.2

Starting training efficientnet-b0 with args --version=b0 --pretrain --lr-schedule=cyclic --max-epochs=5000 --batch-size=128 at Sat Mar 13 22:23:00 UTC 2021.
TensorFlow installation not found - running with reduced feature set.
TensorBoard 2.4.1 at http://0.0.0.0:6006/ (Press CTRL+C to quit)
GPU available: True, used: True
TPU available: None, using: 0 TPU cores
Set SLURM handle signals.

  | Name  | Type              | Params
--------------------------------------------
0 | model | CovidEfficientNet | 4.0 M 
--------------------------------------------
4.0 M     Trainable params
0         Non-trainable params
4.0 M     Total params
16.033    Total estimated model params size (MB)
Loaded pretrained weights for efficientnet-b0
--------------------------------------------------------------------------------
DATALOADER:0 TEST RESULTS
{'test_acc': 0.7931034564971924, 'test_loss': 0.9108112454414368}
--------------------------------------------------------------------------------
   test_loss: 0.9108
    test_acc: 0.7931
Finished training efficientnet-b0 with args --version=b0 --pretrain --lr-schedule=cyclic --max-epochs=5000 --batch-size=128 at Sun Mar 14 06:10:37 UTC 2021.
