Starting training efficientnet-b1 with args --version=b1 --lr-schedule=cyclic --cyclic-mode=gamma --cyclic-base=1e-5 --max-epochs=4000 --batch-size=128 at Sun Mar 14 22:45:08 UTC 2021.
TensorFlow installation not found - running with reduced feature set.
TensorBoard 2.4.1 at http://0.0.0.0:6006/ (Press CTRL+C to quit)
GPU available: True, used: True
TPU available: None, using: 0 TPU cores
Set SLURM handle signals.

  | Name  | Type              | Params
--------------------------------------------
0 | model | CovidEfficientNet | 6.5 M 
--------------------------------------------
6.5 M     Trainable params
0         Non-trainable params
6.5 M     Total params
26.056    Total estimated model params size (MB)
/gpfs/project/6005889/dberger/error-consistency/.venv/lib/python3.8/site-packages/pytorch_lightning/utilities/distributed.py:50: UserWarning: Detected KeyboardInterrupt, attempting graceful shutdown...
  warnings.warn(*args, **kwargs)
--------------------------------------------------------------------------------
DATALOADER:0 TEST RESULTS
{'test_acc': 0.7586206793785095, 'test_loss': 0.7254560589790344}
--------------------------------------------------------------------------------
   test_loss: 0.7255
    test_acc: 0.7586
Finished training efficientnet-b1 with args --version=b1 --lr-schedule=cyclic --cyclic-mode=gamma --cyclic-base=1e-5 --max-epochs=4000 --batch-size=128 at Mon Mar 15 00:44:22 UTC 2021.
