Starting training efficientnet-b1 with args --version=b1 --pretrain --lr-schedule=cyclic --cyclic-mode=gamma --max-epochs=4000 --batch-size=128 at Sun Mar 14 22:44:36 UTC 2021.
TensorFlow installation not found - running with reduced feature set.
TensorBoard 2.4.1 at http://0.0.0.0:6006/ (Press CTRL+C to quit)
GPU available: True, used: True
TPU available: None, using: 0 TPU cores
Set SLURM handle signals.

  | Name  | Type              | Params
--------------------------------------------
0 | model | CovidEfficientNet | 6.5 M 
--------------------------------------------
6.5 M     Trainable params
0         Non-trainable params
6.5 M     Total params
26.056    Total estimated model params size (MB)
Loaded pretrained weights for efficientnet-b1
/gpfs/project/6005889/dberger/error-consistency/.venv/lib/python3.8/site-packages/pytorch_lightning/utilities/distributed.py:50: UserWarning: Detected KeyboardInterrupt, attempting graceful shutdown...
  warnings.warn(*args, **kwargs)
--------------------------------------------------------------------------------
DATALOADER:0 TEST RESULTS
{'test_acc': 0.7783251404762268, 'test_loss': 1.0326929092407227}
--------------------------------------------------------------------------------
   test_loss: 1.0327
    test_acc: 0.7783
Finished training efficientnet-b1 with args --version=b1 --pretrain --lr-schedule=cyclic --cyclic-mode=gamma --max-epochs=4000 --batch-size=128 at Mon Mar 15 00:44:22 UTC 2021.
