
The following have been reloaded with a version change:
  1) python/3.7.4 => python/3.8.2

Starting training efficientnet-b1 with args --version=b1 --lr-schedule=cyclic --max-epochs=5000 --batch-size=128 at Sat Mar 13 01:04:53 UTC 2021.
TensorFlow installation not found - running with reduced feature set.
TensorBoard 2.4.1 at http://0.0.0.0:6006/ (Press CTRL+C to quit)
GPU available: True, used: True
TPU available: None, using: 0 TPU cores
Set SLURM handle signals.

  | Name  | Type              | Params
--------------------------------------------
0 | model | CovidEfficientNet | 6.5 M 
--------------------------------------------
6.5 M     Trainable params
0         Non-trainable params
6.5 M     Total params
26.056    Total estimated model params size (MB)
--------------------------------------------------------------------------------
DATALOADER:0 TEST RESULTS
{'test_acc': 0.738916277885437,
 'test_acc0.10': 0.7635468244552612,
 'test_acc0.90': 0.7241379022598267,
 'test_loss': 1.9520654678344727}
--------------------------------------------------------------------------------
   test_loss: 1.9521
    test_acc: 0.7389
test_acc0.10: 0.7635
test_acc0.90: 0.7241
Finished training efficientnet-b1 with args --version=b1 --lr-schedule=cyclic --max-epochs=5000 --batch-size=128 at Sat Mar 13 09:32:08 UTC 2021.
