Starting training efficientnet-b1 with args --version=b1 --pretrain --lr-schedule=cyclic --cyclic-max=1e-1 --cyclic-base=1e-4 --max-epochs=2000 --batch-size=128 --dropout=0.6 --weight-decay=1e-2 --elastic-scale=0.3 --elastic-trans=0.3 --elastic-shear=0.2 --elastic-degree=5 at Tue Mar 16 02:41:13 UTC 2021.
TensorFlow installation not found - running with reduced feature set.
TensorBoard 2.4.1 at http://0.0.0.0:6006/ (Press CTRL+C to quit)
GPU available: True, used: True
TPU available: None, using: 0 TPU cores
Set SLURM handle signals.

  | Name  | Type              | Params
--------------------------------------------
0 | model | CovidEfficientNet | 6.5 M 
--------------------------------------------
6.5 M     Trainable params
0         Non-trainable params
6.5 M     Total params
26.056    Total estimated model params size (MB)
Loaded pretrained weights for efficientnet-b1
--------------------------------------------------------------------------------
DATALOADER:0 TEST RESULTS
{'test_acc': 0.738916277885437, 'test_loss': 0.5272734761238098}
--------------------------------------------------------------------------------
   test_loss: 0.5273
    test_acc: 0.7389
Finished training efficientnet-b1 with args --version=b1 --pretrain --lr-schedule=cyclic --cyclic-max=1e-1 --cyclic-base=1e-4 --max-epochs=2000 --batch-size=128 --dropout=0.6 --weight-decay=1e-2 --elastic-scale=0.3 --elastic-trans=0.3 --elastic-shear=0.2 --elastic-degree=5 at Tue Mar 16 03:40:11 UTC 2021.
