Starting training efficientnet-b0 with args --version=b0 --lr-schedule=cyclic --cyclic-mode=gamma --cyclic-base=1e-5 --max-epochs=4000 --batch-size=128 at Sun Mar 14 12:53:25 UTC 2021.
TensorFlow installation not found - running with reduced feature set.
TensorBoard 2.4.1 at http://0.0.0.0:6006/ (Press CTRL+C to quit)
GPU available: True, used: True
TPU available: None, using: 0 TPU cores
Set SLURM handle signals.

  | Name  | Type              | Params
--------------------------------------------
0 | model | CovidEfficientNet | 4.0 M 
--------------------------------------------
4.0 M     Trainable params
0         Non-trainable params
4.0 M     Total params
16.033    Total estimated model params size (MB)
/gpfs/project/6005889/dberger/error-consistency/.venv/lib/python3.8/site-packages/pytorch_lightning/utilities/distributed.py:50: UserWarning: Detected KeyboardInterrupt, attempting graceful shutdown...
  warnings.warn(*args, **kwargs)
--------------------------------------------------------------------------------
DATALOADER:0 TEST RESULTS
{'test_acc': 0.7339901328086853, 'test_loss': 0.9486783742904663}
--------------------------------------------------------------------------------
   test_loss: 0.9487
    test_acc: 0.7340
Finished training efficientnet-b0 with args --version=b0 --lr-schedule=cyclic --cyclic-mode=gamma --cyclic-base=1e-5 --max-epochs=4000 --batch-size=128 at Sun Mar 14 18:35:22 UTC 2021.
